#
# There is insufficient memory for the Java Runtime Environment to continue.
# Native memory allocation (mmap) failed to map 264241152 bytes for G1 virtual space
# Possible reasons:
#   The system is out of physical RAM or swap space
#   The process is running with CompressedOops enabled, and the Java Heap may be blocking the growth of the native heap
# Possible solutions:
#   Reduce memory load on the system
#   Increase physical memory or swap space
#   Check if swap backing store is full
#   Decrease Java heap size (-Xmx/-Xms)
#   Decrease number of Java threads
#   Decrease Java thread stack sizes (-Xss)
#   Set larger code cache with -XX:ReservedCodeCacheSize=
#   JVM is running with Zero Based Compressed Oops mode in which the Java heap is
#     placed in the first 32GB address space. The Java Heap base address is the
#     maximum limit for the native heap growth. Please use -XX:HeapBaseMinAddress
#     to set the Java Heap base and to place the Java Heap above 32GB virtual address.
# This output file may be truncated or incomplete.
#
#  Out of Memory Error (os_windows.cpp:3557), pid=51564, tid=42340
#
# JRE version:  (17.0.6+10) (build )
# Java VM: OpenJDK 64-Bit Server VM (17.0.6+10, mixed mode, sharing, tiered, compressed oops, compressed class ptrs, g1 gc, windows-amd64)
# No core dump will be written. Minidumps are not enabled by default on client versions of Windows
#

---------------  S U M M A R Y ------------

Command Line: -Dfile.encoding=UTF-8 -XX:+ShowCodeDetailsInExceptionMessages PlaywrightPractice.PlaywrightLocators2

Host: 11th Gen Intel(R) Core(TM) i5-1135G7 @ 2.40GHz, 8 cores, 15G,  Windows 11 , 64 bit Build 22621 (10.0.22621.3374)
Time: Wed Apr  3 16:54:35 2024 India Standard Time elapsed time: 0.069237 seconds (0d 0h 0m 0s)

---------------  T H R E A D  ---------------

Current thread (0x0000029adb577000):  JavaThread "Unknown thread" [_thread_in_vm, id=42340, stack(0x000000da90100000,0x000000da90200000)]

Stack: [0x000000da90100000,0x000000da90200000]
Native frames: (J=compiled Java code, j=interpreted, Vv=VM code, C=native code)
V  [jvm.dll+0x67741a]
V  [jvm.dll+0x834434]
V  [jvm.dll+0x835bde]
V  [jvm.dll+0x836243]
V  [jvm.dll+0x2457b5]
V  [jvm.dll+0x674329]
V  [jvm.dll+0x6689da]
V  [jvm.dll+0x30489b]
V  [jvm.dll+0x30bd96]
V  [jvm.dll+0x35b57e]
V  [jvm.dll+0x35b7af]
V  [jvm.dll+0x2db778]
V  [jvm.dll+0x2dc6e4]
V  [jvm.dll+0x806131]
V  [jvm.dll+0x369331]
V  [jvm.dll+0x7e56ac]
V  [jvm.dll+0x3eb35f]
V  [jvm.dll+0x3ecea1]
C  [jli.dll+0x5267]
C  [ucrtbase.dll+0x29333]
C  [KERNEL32.DLL+0x1257d]
C  [ntdll.dll+0x5aa48]


---------------  P R O C E S S  ---------------

Threads class SMR info:
_java_thread_list=0x00007ffa610f5fd8, length=0, elements={
}

Java Threads: ( => current thread )

Other Threads:
  0x0000029adb5e60d0 GCTaskThread "GC Thread#0" [stack: 0x000000da90200000,0x000000da90300000] [id=6980]
  0x0000029adb5f6ad0 ConcurrentGCThread "G1 Main Marker" [stack: 0x000000da90300000,0x000000da90400000] [id=48884]
  0x0000029adb5f7b80 ConcurrentGCThread "G1 Conc#0" [stack: 0x000000da90400000,0x000000da90500000] [id=43968]

[error occurred during error reporting (printing all threads), id 0xc0000005, EXCEPTION_ACCESS_VIOLATION (0xc0000005) at pc=0x00007ffa608cc1e7]

VM state: not at safepoint (not fully initialized)

VM Mutex/Monitor currently owned by a thread:  ([mutex/lock_event])
[0x0000029adb571a90] Heap_lock - owner thread: 0x0000029adb577000

Heap address: 0x0000000704400000, size: 4028 MB, Compressed Oops mode: Zero based, Oop shift amount: 3

CDS archive(s) mapped at: [0x0000000000000000-0x0000000000000000-0x0000000000000000), size 0, SharedBaseAddress: 0x0000000800000000, ArchiveRelocationMode: 0.
Narrow klass base: 0x0000000000000000, Narrow klass shift: 0, Narrow klass range: 0x0

GC Precious Log:
<Empty>

Heap:
 garbage-first heap   total 0K, used 0K [0x0000000704400000, 0x0000000800000000)
  region size 2048K, 0 young (0K), 0 survivors (0K)

[error occurred during error reporting (printing heap information), id 0xc0000005, EXCEPTION_ACCESS_VIOLATION (0xc0000005) at pc=0x00007ffa60cb06f9]

GC Heap History (0 events):
No events

Dll operation events (1 events):
Event: 0.043 Loaded shared library C:\Users\bigohtech\.p2\pool\plugins\org.eclipse.justj.openjdk.hotspot.jre.full.win32.x86_64_17.0.6.v20230204-1729\jre\bin\java.dll

Deoptimization events (0 events):
No events

Classes unloaded (0 events):
No events

Classes redefined (0 events):
No events

Internal exceptions (0 events):
No events

VM Operations (0 events):
No events

Events (0 events):
No events


Dynamic libraries:
0x00007ff7929e0000 - 0x00007ff7929ee000 	C:\Users\bigohtech\.p2\pool\plugins\org.eclipse.justj.openjdk.hotspot.jre.full.win32.x86_64_17.0.6.v20230204-1729\jre\bin\javaw.exe
0x00007ffae60f0000 - 0x00007ffae6306000 	C:\WINDOWS\SYSTEM32\ntdll.dll
0x00007ffae4ab0000 - 0x00007ffae4b74000 	C:\WINDOWS\System32\KERNEL32.DLL
0x00007ffae3410000 - 0x00007ffae37b7000 	C:\WINDOWS\System32\KERNELBASE.dll
0x00007ffae3cd0000 - 0x00007ffae3de1000 	C:\WINDOWS\System32\ucrtbase.dll
0x00007ffaa9c70000 - 0x00007ffaa9c89000 	C:\Users\bigohtech\.p2\pool\plugins\org.eclipse.justj.openjdk.hotspot.jre.full.win32.x86_64_17.0.6.v20230204-1729\jre\bin\VCRUNTIME140.dll
0x00007ffabd5c0000 - 0x00007ffabd5d7000 	C:\Users\bigohtech\.p2\pool\plugins\org.eclipse.justj.openjdk.hotspot.jre.full.win32.x86_64_17.0.6.v20230204-1729\jre\bin\jli.dll
0x00007ffae5be0000 - 0x00007ffae5d8e000 	C:\WINDOWS\System32\USER32.dll
0x00007ffad6630000 - 0x00007ffad68c3000 	C:\WINDOWS\WinSxS\amd64_microsoft.windows.common-controls_6595b64144ccf1df_6.0.22621.3235_none_270f74e173860f98\COMCTL32.dll
0x00007ffae3880000 - 0x00007ffae38a6000 	C:\WINDOWS\System32\win32u.dll
0x00007ffae5820000 - 0x00007ffae58c7000 	C:\WINDOWS\System32\msvcrt.dll
0x00007ffae59d0000 - 0x00007ffae59f9000 	C:\WINDOWS\System32\GDI32.dll
0x00007ffae3bb0000 - 0x00007ffae3cc9000 	C:\WINDOWS\System32\gdi32full.dll
0x00007ffae38b0000 - 0x00007ffae394a000 	C:\WINDOWS\System32\msvcp_win.dll
0x00007ffae53f0000 - 0x00007ffae5421000 	C:\WINDOWS\System32\IMM32.DLL
0x0000029ad9400000 - 0x0000029ad9414000 	C:\WINDOWS\System32\umppc18110.dll
0x00007ffadb370000 - 0x00007ffadb37c000 	C:\Users\bigohtech\.p2\pool\plugins\org.eclipse.justj.openjdk.hotspot.jre.full.win32.x86_64_17.0.6.v20230204-1729\jre\bin\vcruntime140_1.dll
0x00007ffaa3090000 - 0x00007ffaa3121000 	C:\Users\bigohtech\.p2\pool\plugins\org.eclipse.justj.openjdk.hotspot.jre.full.win32.x86_64_17.0.6.v20230204-1729\jre\bin\msvcp140.dll
0x00007ffa605e0000 - 0x00007ffa61227000 	C:\Users\bigohtech\.p2\pool\plugins\org.eclipse.justj.openjdk.hotspot.jre.full.win32.x86_64_17.0.6.v20230204-1729\jre\bin\server\jvm.dll
0x00007ffae4330000 - 0x00007ffae43e2000 	C:\WINDOWS\System32\ADVAPI32.dll
0x00007ffae5670000 - 0x00007ffae5718000 	C:\WINDOWS\System32\sechost.dll
0x00007ffae3df0000 - 0x00007ffae3e18000 	C:\WINDOWS\System32\bcrypt.dll
0x00007ffae48d0000 - 0x00007ffae49e5000 	C:\WINDOWS\System32\RPCRT4.dll
0x00007ffab6a50000 - 0x00007ffab6a59000 	C:\WINDOWS\SYSTEM32\WSOCK32.dll
0x00007ffae5a00000 - 0x00007ffae5a71000 	C:\WINDOWS\System32\WS2_32.dll
0x00007ffadbf20000 - 0x00007ffadbf54000 	C:\WINDOWS\SYSTEM32\WINMM.dll
0x00007ffadb6e0000 - 0x00007ffadb6ea000 	C:\WINDOWS\SYSTEM32\VERSION.dll
0x00007ffae2460000 - 0x00007ffae2478000 	C:\WINDOWS\SYSTEM32\kernel.appcore.dll
0x00007ffaabf30000 - 0x00007ffaabf3a000 	C:\Users\bigohtech\.p2\pool\plugins\org.eclipse.justj.openjdk.hotspot.jre.full.win32.x86_64_17.0.6.v20230204-1729\jre\bin\jimage.dll
0x00007ffae0c40000 - 0x00007ffae0e73000 	C:\WINDOWS\SYSTEM32\DBGHELP.DLL
0x00007ffae43f0000 - 0x00007ffae4778000 	C:\WINDOWS\System32\combase.dll
0x00007ffae4790000 - 0x00007ffae4867000 	C:\WINDOWS\System32\OLEAUT32.dll
0x00007ffadaf10000 - 0x00007ffadaf42000 	C:\WINDOWS\SYSTEM32\dbgcore.DLL
0x00007ffae3b30000 - 0x00007ffae3ba9000 	C:\WINDOWS\System32\bcryptPrimitives.dll
0x00007ffa8d3d0000 - 0x00007ffa8d3f5000 	C:\Users\bigohtech\.p2\pool\plugins\org.eclipse.justj.openjdk.hotspot.jre.full.win32.x86_64_17.0.6.v20230204-1729\jre\bin\java.dll

dbghelp: loaded successfully - version: 4.0.5 - missing functions: none
symbol engine: initialized successfully - sym options: 0x614 - pdb path: .;C:\Users\bigohtech\.p2\pool\plugins\org.eclipse.justj.openjdk.hotspot.jre.full.win32.x86_64_17.0.6.v20230204-1729\jre\bin;C:\WINDOWS\SYSTEM32;C:\WINDOWS\WinSxS\amd64_microsoft.windows.common-controls_6595b64144ccf1df_6.0.22621.3235_none_270f74e173860f98;C:\Users\bigohtech\.p2\pool\plugins\org.eclipse.justj.openjdk.hotspot.jre.full.win32.x86_64_17.0.6.v20230204-1729\jre\bin\server

VM Arguments:
jvm_args: -Dfile.encoding=UTF-8 -XX:+ShowCodeDetailsInExceptionMessages 
java_command: PlaywrightPractice.PlaywrightLocators2
java_class_path (initial): C:\Eclipse-workspace\PlaywrightPractice\target\classes;C:\Users\bigohtech\.m2\repository\com\microsoft\playwright\playwright\1.42.0\playwright-1.42.0.jar;C:\Users\bigohtech\.m2\repository\com\google\code\gson\gson\2.10.1\gson-2.10.1.jar;C:\Users\bigohtech\.m2\repository\org\opentest4j\opentest4j\1.3.0\opentest4j-1.3.0.jar;C:\Users\bigohtech\.m2\repository\com\microsoft\playwright\driver\1.42.0\driver-1.42.0.jar;C:\Users\bigohtech\.m2\repository\com\microsoft\playwright\driver-bundle\1.42.0\driver-bundle-1.42.0.jar
Launcher Type: SUN_STANDARD

[Global flags]
     intx CICompilerCount                          = 4                                         {product} {ergonomic}
     uint ConcGCThreads                            = 2                                         {product} {ergonomic}
     uint G1ConcRefinementThreads                  = 8                                         {product} {ergonomic}
   size_t G1HeapRegionSize                         = 2097152                                   {product} {ergonomic}
    uintx GCDrainStackTargetSize                   = 64                                        {product} {ergonomic}
   size_t InitialHeapSize                          = 264241152                                 {product} {ergonomic}
   size_t MarkStackSize                            = 4194304                                   {product} {ergonomic}
   size_t MaxHeapSize                              = 4223664128                                {product} {ergonomic}
   size_t MinHeapDeltaBytes                        = 2097152                                   {product} {ergonomic}
   size_t MinHeapSize                              = 8388608                                   {product} {ergonomic}
    uintx NonNMethodCodeHeapSize                   = 5839372                                {pd product} {ergonomic}
    uintx NonProfiledCodeHeapSize                  = 122909434                              {pd product} {ergonomic}
    uintx ProfiledCodeHeapSize                     = 122909434                              {pd product} {ergonomic}
    uintx ReservedCodeCacheSize                    = 251658240                              {pd product} {ergonomic}
     bool SegmentedCodeCache                       = true                                      {product} {ergonomic}
     bool ShowCodeDetailsInExceptionMessages       = true                                   {manageable} {command line}
   size_t SoftMaxHeapSize                          = 4223664128                             {manageable} {ergonomic}
     bool UseCompressedClassPointers               = true                           {product lp64_product} {ergonomic}
     bool UseCompressedOops                        = true                           {product lp64_product} {ergonomic}
     bool UseG1GC                                  = true                                      {product} {ergonomic}
     bool UseLargePagesIndividualAllocation        = false                                  {pd product} {ergonomic}

Logging:
Log output configuration:
 #0: stdout all=warning uptime,level,tags
 #1: stderr all=off uptime,level,tags

Environment Variables:
JAVA_HOME=C:\Program Files\Java\jdk1.8.0_202
PATH=C:/Users/bigohtech/.p2/pool/plugins/org.eclipse.justj.openjdk.hotspot.jre.full.win32.x86_64_17.0.6.v20230204-1729/jre/bin/server;C:/Users/bigohtech/.p2/pool/plugins/org.eclipse.justj.openjdk.hotspot.jre.full.win32.x86_64_17.0.6.v20230204-1729/jre/bin;C:\Python311\Scripts\;C:\Python311\;C:\Program Files (x86)\Common Files\Oracle\Java\javapath;C:\WINDOWS\system32;C:\WINDOWS;C:\WINDOWS\System32\Wbem;C:\WINDOWS\System32\WindowsPowerShell\v1.0\;C:\WINDOWS\System32\OpenSSH\;C:\Program Files (x86)\dotnet\;C:\Program Files\dotnet\;C:\Program Files\Java\jdk1.8.0_202\bin;C:\Program Files\nodejs\;C:\ProgramData\chocolatey\bin;C:\Program Files\Git\cmd;C:\Program Files\apache-maven-3.9.6-bin\apache-maven-3.9.6\bin;C:\Users\bigohtech\AppData\Local\Microsoft\WindowsApps;C:\Program Files\JetBrains\IntelliJ IDEA Community Edition 2022.3.2\bin;;C:\Users\bigohtech\AppData\Roaming\npm;C:\Users\bigohtech\AppData\Local\JetBrains\IntelliJ IDEA 2023.3.4\bin;;C:\Program Files\apache-maven-3.9.6-bin\apache-maven-3.9.6\bin;;C:\Users\bigohtech\eclipse\java-2022-12\eclipse;
USERNAME=bigohtech
OS=Windows_NT
PROCESSOR_IDENTIFIER=Intel64 Family 6 Model 140 Stepping 1, GenuineIntel
TMP=C:\Users\BIGOHT~1\AppData\Local\Temp
TEMP=C:\Users\BIGOHT~1\AppData\Local\Temp



---------------  S Y S T E M  ---------------

OS:
 Windows 11 , 64 bit Build 22621 (10.0.22621.3374)
OS uptime: 1 days 3:30 hours

CPU: total 8 (initial active 8) (4 cores per cpu, 2 threads per core) family 6 model 140 stepping 1 microcode 0xb4, cx8, cmov, fxsr, ht, mmx, 3dnowpref, sse, sse2, sse3, ssse3, sse4.1, sse4.2, popcnt, lzcnt, tsc, tscinvbit, avx, avx2, aes, erms, clmul, bmi1, bmi2, adx, avx512f, avx512dq, avx512cd, avx512bw, avx512vl, sha, fma, vzeroupper, avx512_vpopcntdq, avx512_vpclmulqdq, avx512_vaes, avx512_vnni, clflush, clflushopt, clwb, avx512_vbmi2, avx512_vbmi

Memory: 4k page, system-wide physical 16106M (2343M free)
TotalPageFile size 44184M (AvailPageFile size 74M)
current process WorkingSet (physical memory assigned to process): 11M, peak: 11M
current process commit charge ("private bytes"): 60M, peak: 312M

vm_info: OpenJDK 64-Bit Server VM (17.0.6+10) for windows-amd64 JRE (17.0.6+10), built on Jan 18 2023 10:08:59 by "temurin" with MS VC++ 16.7 (VS2019)

END.
